<?xml version="1.0" encoding="UTF-8"?>
<testsuite xmlns:xsi="http://www.w3.org/2001/XMLSchema-instance" xsi:noNamespaceSchemaLocation="https://maven.apache.org/surefire/maven-surefire-plugin/xsd/surefire-test-report.xsd" name="cmpt276.group4.Enemy.EnemyTests" time="0.042" tests="2" errors="0" skipped="0" failures="0">
  <properties>
[...]
</properties>
  <testcase name="testCreateSpiderEnemies" classname="cmpt276.group4.Enemy.EnemyTests" time="0.031"/>
  <testcase name="testCreateGhostEnemies" classname="cmpt276.group4.Enemy.EnemyTests" time="0.002"/>
</testsuite>